Сборка начата 10.12.2020 13:29:05.
     1>Проект "C:\БГТУ\ЯП\NewSem\lab_17\LP_asm01 (2)\LP_asm01\LP_asm01\LP_asm01.vcxproj" в узле 2 (целевые объекты Build).
     1>InitializeBuildStatus:
         Обращение к "x64\Debug\LP_asm01.tlog\unsuccessfulbuild".
       _MASM:
         Assembling LP_asm01.asm...
         cmd.exe /C "C:\Users\Senior Programmer\AppData\Local\Temp\tmpdb4a25601b71467dac31cc097767ea9b.cmd"
         ml64.exe /c /nologo /Zi /Fo"x64\Debug\LP_asm01.obj" /W3 /errorReport:prompt  /TaLP_asm01.asm
     1>LP_asm01.asm(1): error A2008: syntax error : .
     1>LP_asm01.asm(2): error A2008: syntax error : .
     1>LP_asm01.asm(7): error A2008: syntax error : .
     1>LP_asm01.asm(34): error A2008: syntax error : getmin
     1>LP_asm01.asm(40): error A2008: syntax error : main
     1>LP_asm01.asm(40): error A2088: END directive required at end of file
     1>C:\Program Files (x86)\Microsoft Visual Studio\2017\Community\Common7\IDE\VC\VCTargets\BuildCustomizations\masm.targets(69,5): error MSB3721: выход из команды "ml64.exe /c /nologo /Zi /Fo"x64\Debug\LP_asm01.obj" /W3 /errorReport:prompt  /TaLP_asm01.asm" с кодом "1".
     1>Сборка проекта "C:\БГТУ\ЯП\NewSem\lab_17\LP_asm01 (2)\LP_asm01\LP_asm01\LP_asm01.vcxproj" завершена (целевые объекты Build) с ошибкой.

Ошибка сборки.

       "C:\БГТУ\ЯП\NewSem\lab_17\LP_asm01 (2)\LP_asm01\LP_asm01\LP_asm01.vcxproj" (целевой объект Build ) (1) ->
       (_MASM конечный объект) -> 
         LP_asm01.asm(1): error A2008: syntax error : .
         LP_asm01.asm(2): error A2008: syntax error : .
         LP_asm01.asm(7): error A2008: syntax error : .
         LP_asm01.asm(34): error A2008: syntax error : getmin
         LP_asm01.asm(40): error A2008: syntax error : main
         LP_asm01.asm(40): error A2088: END directive required at end of file
         C:\Program Files (x86)\Microsoft Visual Studio\2017\Community\Common7\IDE\VC\VCTargets\BuildCustomizations\masm.targets(69,5): error MSB3721: выход из команды "ml64.exe /c /nologo /Zi /Fo"x64\Debug\LP_asm01.obj" /W3 /errorReport:prompt  /TaLP_asm01.asm" с кодом "1".

    Предупреждений: 0
    Ошибок: 7

Прошло времени 00:00:00.58
